==163== Memcheck, a memory error detector
==163== Copyright (C) 2002-2017, and GNU GPL'd, by Julian Seward et al.
==163== Using Valgrind-3.18.1 and LibVEX; rerun with -h for copyright info
==163== Command: /tmp/tmp6adb9wfk/student/lab/build//bin/tests
==163== 
Running main() from /tmp/tmp6adb9wfk/student/lab/tests/lib/googletest/src/gtest_main.cc
[==========] Running 7 tests from 1 test suite.
[----------] Global test environment set-up.
[----------] 7 tests from PrintingTester
[ RUN      ] PrintingTester.singleInteger
[       OK ] PrintingTester.singleInteger (27 ms)
[ RUN      ] PrintingTester.singleDouble
/tmp/tmp6adb9wfk/student/lab/tests/printingTests.cpp:61: Failure
Failed
Function not implemented
[  FAILED  ] PrintingTester.singleDouble (32 ms)
[ RUN      ] PrintingTester.printFraction
/tmp/tmp6adb9wfk/student/lab/tests/printingTests.cpp:77: Failure
Failed
Function not implemented
[  FAILED  ] PrintingTester.printFraction (5 ms)
[ RUN      ] PrintingTester.printCstring
/tmp/tmp6adb9wfk/student/lab/tests/printingTests.cpp:94: Failure
Failed
Function not implemented
[  FAILED  ] PrintingTester.printCstring (2 ms)
[ RUN      ] PrintingTester.printNotCopyableObject
/tmp/tmp6adb9wfk/student/lab/tests/printingTests.cpp:111: Failure
Failed
Function not implemented
[  FAILED  ] PrintingTester.printNotCopyableObject (2 ms)
[ RUN      ] PrintingTester.printArrayOfNumbers
/tmp/tmp6adb9wfk/student/lab/tests/printingTests.cpp:134: Failure
Failed
Function not implemented
[  FAILED  ] PrintingTester.printArrayOfNumbers (3 ms)
[ RUN      ] PrintingTester.printWithoutArgument
/tmp/tmp6adb9wfk/student/lab/tests/printingTests.cpp:157: Failure
Failed
Function not implemented
[  FAILED  ] PrintingTester.printWithoutArgument (2 ms)
[----------] 7 tests from PrintingTester (88 ms total)

[----------] Global test environment tear-down
[==========] 7 tests from 1 test suite ran. (136 ms total)
[  PASSED  ] 1 test.
[  FAILED  ] 6 tests, listed below:
[  FAILED  ] PrintingTester.singleDouble
[  FAILED  ] PrintingTester.printFraction
[  FAILED  ] PrintingTester.printCstring
[  FAILED  ] PrintingTester.printNotCopyableObject
[  FAILED  ] PrintingTester.printArrayOfNumbers
[  FAILED  ] PrintingTester.printWithoutArgument

 6 FAILED TESTS
==163== 
==163== HEAP SUMMARY:
==163==     in use at exit: 0 bytes in 0 blocks
==163==   total heap usage: 421 allocs, 421 frees, 150,933 bytes allocated
==163== 
==163== All heap blocks were freed -- no leaks are possible
==163== 
==163== For lists of detected and suppressed errors, rerun with: -s
==163== ERROR SUMMARY: 0 errors from 0 contexts (suppressed: 0 from 0)
